# JRE version: OpenJDK Runtime Environment Microsoft-8035246 (17.0.8+7) (build 17.0.8+7-LTS)
# Java VM: OpenJDK 64-Bit Server VM Microsoft-8035246 (17.0.8+7-LTS, mixed mode, sharing, tiered, compressed oops, compressed class ptrs, g1 gc, windows-amd64)
GC Precious Log:
 CPUs: 12 total, 12 available
 Memory: 32685M
 Large Page Support: Disabled
 NUMA Support: Disabled
 Compressed Oops: Enabled (32-bit)
 Heap Region Size: 1M
 Heap Min Capacity: 8M
 Heap Initial Capacity: 512M
 Heap Max Capacity: 2G
 Pre-touch: Disabled
 Parallel Workers: 10
 Concurrent Workers: 3
 Concurrent Refinement Workers: 10
 Periodic GC: Disabled
Heap:
 garbage-first heap   total 286720K, used 193755K [0x0000000080000000, 0x0000000100000000)
  region size 1024K, 27 young (27648K), 4 survivors (4096K)
 Metaspace       used 106299K, committed 107328K, reserved 557056K
  class space    used 14421K, committed 14912K, reserved 425984K
GC Heap History (20 events):
Event: 20.139 GC heap before
{Heap before GC invocations=39 (full 0):
 garbage-first heap   total 245760K, used 189629K [0x0000000080000000, 0x0000000100000000)
  region size 1024K, 79 young (80896K), 12 survivors (12288K)
 Metaspace       used 94292K, committed 95232K, reserved 557056K
  class space    used 13051K, committed 13504K, reserved 425984K
}
Event: 20.148 GC heap after
{Heap after GC invocations=40 (full 0):
 garbage-first heap   total 245760K, used 134120K [0x0000000080000000, 0x0000000100000000)
  region size 1024K, 10 young (10240K), 10 survivors (10240K)
 Metaspace       used 94292K, committed 95232K, reserved 557056K
  class space    used 13051K, committed 13504K, reserved 425984K
}
Event: 20.807 GC heap before
{Heap before GC invocations=40 (full 0):
 garbage-first heap   total 245760K, used 191464K [0x0000000080000000, 0x0000000100000000)
  region size 1024K, 66 young (67584K), 10 survivors (10240K)
 Metaspace       used 98930K, committed 99904K, reserved 557056K
  class space    used 13580K, committed 14016K, reserved 425984K
}
Event: 20.814 GC heap after
{Heap after GC invocations=41 (full 0):
 garbage-first heap   total 245760K, used 142112K [0x0000000080000000, 0x0000000100000000)
  region size 1024K, 7 young (7168K), 7 survivors (7168K)
 Metaspace       used 98930K, committed 99904K, reserved 557056K
  class space    used 13580K, committed 14016K, reserved 425984K
}
Event: 21.461 GC heap before
{Heap before GC invocations=42 (full 0):
 garbage-first heap   total 245760K, used 196384K [0x0000000080000000, 0x0000000100000000)
  region size 1024K, 60 young (61440K), 7 survivors (7168K)
 Metaspace       used 100539K, committed 101440K, reserved 557056K
  class space    used 13739K, committed 14144K, reserved 425984K
}
Event: 21.467 GC heap after
{Heap after GC invocations=43 (full 0):
 garbage-first heap   total 245760K, used 148411K [0x0000000080000000, 0x0000000100000000)
  region size 1024K, 7 young (7168K), 7 survivors (7168K)
 Metaspace       used 100539K, committed 101440K, reserved 557056K
  class space    used 13739K, committed 14144K, reserved 425984K
}
Event: 21.507 GC heap before
{Heap before GC invocations=43 (full 0):
 garbage-first heap   total 245760K, used 153531K [0x0000000080000000, 0x0000000100000000)
  region size 1024K, 12 young (12288K), 7 survivors (7168K)
 Metaspace       used 100878K, committed 101824K, reserved 557056K
  class space    used 13790K, committed 14208K, reserved 425984K
}
Event: 21.510 GC heap after
{Heap after GC invocations=44 (full 0):
 garbage-first heap   total 245760K, used 148976K [0x0000000080000000, 0x0000000100000000)
  region size 1024K, 2 young (2048K), 2 survivors (2048K)
 Metaspace       used 100878K, committed 101824K, reserved 557056K
  class space    used 13790K, committed 14208K, reserved 425984K
}
Event: 21.801 GC heap before
{Heap before GC invocations=44 (full 0):
 garbage-first heap   total 245760K, used 198128K [0x0000000080000000, 0x0000000100000000)
  region size 1024K, 51 young (52224K), 2 survivors (2048K)
 Metaspace       used 103293K, committed 104320K, reserved 557056K
  class space    used 14094K, committed 14592K, reserved 425984K
}
Event: 21.805 GC heap after
{Heap after GC invocations=45 (full 0):
 garbage-first heap   total 245760K, used 153948K [0x0000000080000000, 0x0000000100000000)
  region size 1024K, 6 young (6144K), 6 survivors (6144K)
 Metaspace       used 103293K, committed 104320K, reserved 557056K
  class space    used 14094K, committed 14592K, reserved 425984K
}
Event: 22.153 GC heap before
{Heap before GC invocations=46 (full 0):
 garbage-first heap   total 286720K, used 200028K [0x0000000080000000, 0x0000000100000000)
  region size 1024K, 52 young (53248K), 6 survivors (6144K)
 Metaspace       used 103928K, committed 104960K, reserved 557056K
  class space    used 14167K, committed 14656K, reserved 425984K
}
Event: 22.157 GC heap after
{Heap after GC invocations=47 (full 0):
 garbage-first heap   total 286720K, used 156832K [0x0000000080000000, 0x0000000100000000)
  region size 1024K, 4 young (4096K), 4 survivors (4096K)
 Metaspace       used 103928K, committed 104960K, reserved 557056K
  class space    used 14167K, committed 14656K, reserved 425984K
}
Event: 22.183 GC heap before
{Heap before GC invocations=47 (full 0):
 garbage-first heap   total 286720K, used 166048K [0x0000000080000000, 0x0000000100000000)
  region size 1024K, 14 young (14336K), 4 survivors (4096K)
 Metaspace       used 103989K, committed 104960K, reserved 557056K
  class space    used 14167K, committed 14656K, reserved 425984K
}
Event: 22.186 GC heap after
{Heap after GC invocations=48 (full 0):
 garbage-first heap   total 286720K, used 156408K [0x0000000080000000, 0x0000000100000000)
  region size 1024K, 2 young (2048K), 2 survivors (2048K)
 Metaspace       used 103989K, committed 104960K, reserved 557056K
  class space    used 14167K, committed 14656K, reserved 425984K
}
Event: 22.664 GC heap before
{Heap before GC invocations=48 (full 0):
 garbage-first heap   total 286720K, used 228088K [0x0000000080000000, 0x0000000100000000)
  region size 1024K, 73 young (74752K), 2 survivors (2048K)
 Metaspace       used 104399K, committed 105408K, reserved 557056K
  class space    used 14189K, committed 14656K, reserved 425984K
}
Event: 22.668 GC heap after
{Heap after GC invocations=49 (full 0):
 garbage-first heap   total 286720K, used 160766K [0x0000000080000000, 0x0000000100000000)
  region size 1024K, 6 young (6144K), 6 survivors (6144K)
 Metaspace       used 104399K, committed 105408K, reserved 557056K
  class space    used 14189K, committed 14656K, reserved 425984K
}
Event: 23.191 GC heap before
{Heap before GC invocations=49 (full 0):
 garbage-first heap   total 286720K, used 232446K [0x0000000080000000, 0x0000000100000000)
  region size 1024K, 77 young (78848K), 6 survivors (6144K)
 Metaspace       used 105839K, committed 106880K, reserved 557056K
  class space    used 14367K, committed 14912K, reserved 425984K
}
Event: 23.196 GC heap after
{Heap after GC invocations=50 (full 0):
 garbage-first heap   total 286720K, used 168212K [0x0000000080000000, 0x0000000100000000)
  region size 1024K, 10 young (10240K), 10 survivors (10240K)
 Metaspace       used 105839K, committed 106880K, reserved 557056K
  class space    used 14367K, committed 14912K, reserved 425984K
}
Event: 23.429 GC heap before
{Heap before GC invocations=50 (full 0):
 garbage-first heap   total 286720K, used 233747K [0x0000000080000000, 0x0000000100000000)
  region size 1024K, 75 young (76800K), 10 survivors (10240K)
 Metaspace       used 106104K, committed 107136K, reserved 557056K
  class space    used 14394K, committed 14912K, reserved 425984K
}
Event: 23.437 GC heap after
{Heap after GC invocations=51 (full 0):
 garbage-first heap   total 286720K, used 172251K [0x0000000080000000, 0x0000000100000000)
  region size 1024K, 4 young (4096K), 4 survivors (4096K)
 Metaspace       used 106104K, committed 107136K, reserved 557056K
  class space    used 14394K, committed 14912K, reserved 425984K
}

